/Users/annisa/Desktop/dea-et-al-2026/scales/preprocess.py:124: FutureWarning: The default of observed=False is deprecated and will be changed to True in a future version of pandas. Pass observed=False to retain current behavior or observed=True to adopt the future default and silence this warning.
  obs.groupby("condition")
/Users/annisa/micromamba/envs/scales/lib/python3.11/functools.py:909: UserWarning: zero-centering a sparse array/matrix densifies it.
  return dispatch(args[0].__class__)(*args, **kw)
/Users/annisa/Desktop/dea-et-al-2026/scales/umap.py:108: FutureWarning: The behavior of DataFrame concatenation with empty or all-NA entries is deprecated. In a future version, this will no longer exclude empty or all-NA columns when determining the result dtypes. To retain the old behavior, exclude the relevant entries before the concat operation.
  prism_df = pd.concat(blocks, ignore_index=True)
[config] FULL_GENE_SVD = True (all genes, not just HVGs)

═══ Step 1: Merge h5 files ═══
[merge] ancestry='evo' → 18 conditions selected
[merge] Merged AnnData: 62652 cells x 7127 genes
[merge] Conditions loaded: 18
[merge] Saved → results/evo_fullgene/merged.h5ad

═══ Step 2: Preprocess ═══
[preprocess] Input: 62652 cells x 7127 genes
[preprocess] n_genes     — min: 158  median: 755  max: 5267
[preprocess] total_counts — min: 500  median: 1507  max: 109212
[preprocess] Cells before filter : 62652
[preprocess] Cells after filter  : 62604  (0.1% removed)
[preprocess] Genes retained: 6918

[preprocess] Post-filter per-condition summary:
       condition  n_cells  min_genes  mean_genes  median_genes  max_genes  median_umi  pct_cells_above_500g
     evo_sceg-30   3077.0      200.0      1095.2        1008.0     3825.0      2089.0                  83.5
         evo_sdc   3114.0      329.0      1324.4        1106.0     3881.0      2368.0                  84.8
      evo_sdc-37   3599.0      307.0      1416.0        1172.0     3982.0      2631.0                  82.7
    evo_sdc-diam   2662.0      294.0      1329.4        1107.5     3694.0      2574.0                  87.3
    evo_sdc-h2o2   4040.0      351.0      1281.4        1061.0     3825.0      2029.5                  86.2
     evo_sdc-kcl   3571.0      291.0      1072.5         783.0     3756.0      1607.0                  81.4
evo_sdc-kcl-diam   3420.0      303.0       944.2         670.0     3837.0      1312.0                  71.1
evo_sdc-kcl-h2o2   3571.0      286.0       970.1         708.0     3516.0      1376.0                  75.1
    evo_sdc-sorb   3792.0      295.0      1119.1         831.5     3927.0      1425.5                  81.2
         evo_ypd   2990.0      296.0      1288.0        1008.5     3950.0      1919.5                  90.1
      evo_ypd-37   4122.0      322.0      1078.7         862.0     3920.0      1700.0                  86.6
    evo_ypd-diam   2841.0      321.0       837.6         669.0     3285.0      1367.0                  80.4
    evo_ypd-h2o2   3089.0      276.0       962.4         717.0     3876.0      1610.0                  73.0
     evo_ypd-kcl   4165.0      294.0       702.3         570.0     3499.0      1084.0                  63.8
evo_ypd-kcl-diam   2747.0      309.0       683.8         594.0     3136.0      1508.0                  78.2
evo_ypd-kcl-h2o2   3254.0      313.0       702.6         598.0     3069.0      1322.0                  72.9
    evo_ypd-sorb   4772.0      351.0       750.9         637.0     3363.0      1084.0                  84.8
     evo_ypeg-30   3778.0      260.0      1100.9         799.0     3978.0      1517.0                  79.2
[preprocess] Post-filter CSV saved -> results/evo_fullgene/qc/qc_postfilter_per_condition.csv

[preprocess] HVGs selected: 688

[preprocess] Final AnnData: 62604 cells x 688 HVGs
[preprocess] Saved -> results/evo_fullgene/processed.h5ad

═══ Step 3: UMAP ═══
[umap] Computing neighbors (n_neighbors=15, n_pcs=50)
[umap] UMAP complete
[umap] Plot saved → umap_condition.pdf
[umap] CSV saved -> results/evo_fullgene/umap/umap_coords.csv  (62604 rows)
[umap] Prism CSV saved -> results/evo_fullgene/umap/umap_prism.csv  (18 conditions, 62604 rows)

═══ Step 4: SVD per fold ═══
[svd] Using full-gene log-norm matrix (6918 genes)
[svd] Fold 0: 10434 cells × 6918 HVGs
[svd] Fold 1: 10434 cells × 6918 HVGs
[svd] Fold 2: 10434 cells × 6918 HVGs
[svd] Fold 3: 10434 cells × 6918 HVGs
[svd] Fold 4: 10434 cells × 6918 HVGs
[svd] Fold 5: 10434 cells × 6918 HVGs
[svd] SVD outputs saved → results/evo_fullgene/svd

═══ Step 4b: Scree plot ═══
[scree] CSV saved -> results/evo_fullgene/svd/scree_values.csv
[scree] Plot saved -> results/evo_fullgene/svd/scree_plot.pdf

═══ Step 5: Compute MICDF ═══
[micdf] Fold 0 complete
[micdf] Fold 1 complete
[micdf] Fold 2 complete
[micdf] Fold 3 complete
[micdf] Fold 4 complete
[micdf] Fold 5 complete
[micdf] CSVs saved → results/evo_fullgene/micdf

═══ Step 6: Plot MICDF ═══
[plot] Figure saved → results/evo_fullgene/micdf/micdf_plot.pdf

═══ Step 7: Top genes per PC ═══
[top_genes] Saved → results/evo_fullgene/micdf/top_genes_pc0-4.csv
 PC  rank     gene   loading
  0     1     TDH3 -0.115682
  0     2    CCW12 -0.107990
  0     3     PDC1 -0.103499
  0     4     ENO2 -0.101365
  0     5     FBA1 -0.098096
  0     6    CDC19 -0.089760
  0     7     CWP2 -0.084876
  0     8 21S_RRNA -0.083279
  0     9     GPM1 -0.082510
  0    10     TPI1 -0.081842
  1     1     INO1  0.103778
  1     2    RPL9A -0.090586
  1     3    RPS9B -0.081095
  1     4     GAP1  0.080922
  1     5   RPS22A -0.079841
  1     6     MET6  0.079443
  1     7     ARG4  0.078831
  1     8    RPS31 -0.075551
  1     9     FIT2  0.075484
  1    10     ZRT1  0.074924
  2     1     INO1  0.147678
  2     2    HSP82 -0.133517
  2     3     ZRT1  0.130854
  2     4     CYC1 -0.114330
  2     5     MET6  0.113699
  2     6     PDC5  0.111828
  2     7    HSP60 -0.111657
  2     8     SHM2  0.111448
  2     9    HSP10 -0.103125
  2    10     SSA1 -0.096714
  3     1     OLI1 -0.213800
  3     2 21S_RRNA -0.196839
  3     3 15S_RRNA -0.160190
  3     4     CWP2 -0.130739
  3     5     FIT3 -0.121753
  3     6    CCW12 -0.118704
  3     7     FIT2 -0.113748
  3     8     INO1 -0.095870
  3     9     TDH3 -0.090047
  3    10      AI1 -0.088264
  4     1     PDC5  0.136608
  4     2     ENO2  0.135626
  4     3     TDH3  0.122244
  4     4 21S_RRNA  0.119636
  4     5     RIB4  0.113720
  4     6     GPM1  0.111685
  4     7     PDC1  0.109747
  4     8    CDC19  0.106592
  4     9     HTB1  0.104509
  4    10     FBA1  0.101484

✓ Pipeline complete. All outputs in: results/evo_fullgene
