/Users/annisa/Desktop/dea-et-al-2026/scales/preprocess.py:124: FutureWarning: The default of observed=False is deprecated and will be changed to True in a future version of pandas. Pass observed=False to retain current behavior or observed=True to adopt the future default and silence this warning.
  obs.groupby("condition")
/Users/annisa/micromamba/envs/scales/lib/python3.11/functools.py:909: UserWarning: zero-centering a sparse array/matrix densifies it.
  return dispatch(args[0].__class__)(*args, **kw)
/Users/annisa/Desktop/dea-et-al-2026/scales/umap.py:108: FutureWarning: The behavior of DataFrame concatenation with empty or all-NA entries is deprecated. In a future version, this will no longer exclude empty or all-NA columns when determining the result dtypes. To retain the old behavior, exclude the relevant entries before the concat operation.
  prism_df = pd.concat(blocks, ignore_index=True)
[config] SCALE_BEFORE_SVD = True (z-score before SVD)

═══ Step 1: Merge h5 files ═══
[merge] ancestry='evo' → 18 conditions selected
[merge] Merged AnnData: 62652 cells x 7127 genes
[merge] Conditions loaded: 18
[merge] Saved → results/evo_zscored/merged.h5ad

═══ Step 2: Preprocess ═══
[preprocess] Input: 62652 cells x 7127 genes
[preprocess] n_genes     — min: 158  median: 755  max: 5267
[preprocess] total_counts — min: 500  median: 1507  max: 109212
[preprocess] Cells before filter : 62652
[preprocess] Cells after filter  : 62604  (0.1% removed)
[preprocess] Genes retained: 6918

[preprocess] Post-filter per-condition summary:
       condition  n_cells  min_genes  mean_genes  median_genes  max_genes  median_umi  pct_cells_above_500g
     evo_sceg-30   3077.0      200.0      1095.2        1008.0     3825.0      2089.0                  83.5
         evo_sdc   3114.0      329.0      1324.4        1106.0     3881.0      2368.0                  84.8
      evo_sdc-37   3599.0      307.0      1416.0        1172.0     3982.0      2631.0                  82.7
    evo_sdc-diam   2662.0      294.0      1329.4        1107.5     3694.0      2574.0                  87.3
    evo_sdc-h2o2   4040.0      351.0      1281.4        1061.0     3825.0      2029.5                  86.2
     evo_sdc-kcl   3571.0      291.0      1072.5         783.0     3756.0      1607.0                  81.4
evo_sdc-kcl-diam   3420.0      303.0       944.2         670.0     3837.0      1312.0                  71.1
evo_sdc-kcl-h2o2   3571.0      286.0       970.1         708.0     3516.0      1376.0                  75.1
    evo_sdc-sorb   3792.0      295.0      1119.1         831.5     3927.0      1425.5                  81.2
         evo_ypd   2990.0      296.0      1288.0        1008.5     3950.0      1919.5                  90.1
      evo_ypd-37   4122.0      322.0      1078.7         862.0     3920.0      1700.0                  86.6
    evo_ypd-diam   2841.0      321.0       837.6         669.0     3285.0      1367.0                  80.4
    evo_ypd-h2o2   3089.0      276.0       962.4         717.0     3876.0      1610.0                  73.0
     evo_ypd-kcl   4165.0      294.0       702.3         570.0     3499.0      1084.0                  63.8
evo_ypd-kcl-diam   2747.0      309.0       683.8         594.0     3136.0      1508.0                  78.2
evo_ypd-kcl-h2o2   3254.0      313.0       702.6         598.0     3069.0      1322.0                  72.9
    evo_ypd-sorb   4772.0      351.0       750.9         637.0     3363.0      1084.0                  84.8
     evo_ypeg-30   3778.0      260.0      1100.9         799.0     3978.0      1517.0                  79.2
[preprocess] Post-filter CSV saved -> results/evo_zscored/qc/qc_postfilter_per_condition.csv

[preprocess] HVGs selected: 688

[preprocess] Final AnnData: 62604 cells x 688 HVGs
[preprocess] Saved -> results/evo_zscored/processed.h5ad

═══ Step 3: UMAP ═══
[umap] Computing neighbors (n_neighbors=15, n_pcs=50)
[umap] UMAP complete
[umap] Plot saved → umap_condition.pdf
[umap] CSV saved -> results/evo_zscored/umap/umap_coords.csv  (62604 rows)
[umap] Prism CSV saved -> results/evo_zscored/umap/umap_prism.csv  (18 conditions, 62604 rows)

═══ Step 4: SVD per fold ═══
[svd] Using z-scored adata.X (scaled HVGs from preprocess.py)
[svd] Fold 0: 10434 cells × 688 HVGs
[svd] Fold 1: 10434 cells × 688 HVGs
[svd] Fold 2: 10434 cells × 688 HVGs
[svd] Fold 3: 10434 cells × 688 HVGs
[svd] Fold 4: 10434 cells × 688 HVGs
[svd] Fold 5: 10434 cells × 688 HVGs
[svd] SVD outputs saved → results/evo_zscored/svd

═══ Step 4b: Scree plot ═══
[scree] CSV saved -> results/evo_zscored/svd/scree_values.csv
[scree] Plot saved -> results/evo_zscored/svd/scree_plot.pdf

═══ Step 5: Compute MICDF ═══
[micdf] Fold 0 complete
[micdf] Fold 1 complete
[micdf] Fold 2 complete
[micdf] Fold 3 complete
[micdf] Fold 4 complete
[micdf] Fold 5 complete
[micdf] CSVs saved → results/evo_zscored/micdf

═══ Step 6: Plot MICDF ═══
[plot] Figure saved → results/evo_zscored/micdf/micdf_plot.pdf

═══ Step 7: Top genes per PC ═══
[top_genes] Saved → results/evo_zscored/micdf/top_genes_pc0-4.csv
 PC  rank      gene   loading
  0     1     TMA10  0.113437
  0     2    NCE103  0.113341
  0     3      HXT6  0.106445
  0     4      HOR7  0.103818
  0     5      ALD4  0.101785
  0     6      DDR2  0.101702
  0     7      GLK1  0.099134
  0     8 YLR307C-A  0.098139
  0     9      ICL1  0.097474
  0    10      FIT3  0.096956
  1     1      MET6 -0.146583
  1     2      ZRT1 -0.146452
  1     3      BIO4 -0.128447
  1     4      ITR1 -0.127536
  1     5      ZPS1 -0.126786
  1     6      BIO3 -0.123262
  1     7      SHM2 -0.118492
  1     8      PDC5 -0.114748
  1     9      GCV2 -0.112883
  1    10      FET3 -0.111235
  2     1      CPR6  0.135060
  2     2      CRH1  0.133601
  2     3      SSA4  0.128132
  2     4     HSP60  0.123880
  2     5     HSP82  0.118789
  2     6      SRL3  0.117040
  2     7      NCW2  0.116710
  2     8 YMR122W-A  0.114244
  2     9      URA1  0.113521
  2    10      STI1  0.112256
  3     1     MET14  0.197369
  3     2      MET3  0.194848
  3     3     MET17  0.170641
  3     4      MUP1  0.155688
  3     5      MET5  0.128875
  3     6      SUL1  0.127993
  3     7      MET1  0.127987
  3     8     MET10  0.125561
  3     9      GRX8  0.122026
  3    10      DAL5 -0.120690
  4     1      PCK1 -0.187887
  4     2     HSP26  0.176336
  4     3      FBP1 -0.161381
  4     4      ADH2 -0.140848
  4     5     SIP18  0.132705
  4     6      DDR2  0.124174
  4     7      ODC1 -0.119692
  4     8    HSP104  0.117601
  4     9      SPG4  0.115731
  4    10      AHP1  0.115347

✓ Pipeline complete. All outputs in: results/evo_zscored
